<?xml version="1.0" encoding="UTF-8"?>
<!-- Generated by org.testng.reporters.JUnitReportReporter -->
<testsuite hostname="LAPTOP-1I2596E2" name="DriverFactory.DataDriven" tests="1" failures="0" timestamp="5 May 2020 13:42:17 GMT" time="129.396" errors="0">
  <testcase name="verifyRegister" time="129.396" classname="DriverFactory.DataDriven"/>
</testsuite> <!-- DriverFactory.DataDriven -->
