<?xml version="1.0" encoding="UTF-8"?>
<!-- Generated by org.testng.reporters.JUnitReportReporter -->
<testsuite hostname="LAPTOP-1I2596E2" name="may13.Demo2" tests="1" failures="0" timestamp="13 May 2020 13:21:17 GMT" time="14.741" errors="0">
  <testcase name="login" time="14.741" classname="may13.Demo2"/>
</testsuite> <!-- may13.Demo2 -->
