<?xml version="1.0" encoding="UTF-8"?>
<!-- Generated by org.testng.reporters.JUnitReportReporter -->
<testsuite hostname="LAPTOP-1I2596E2" name="DriverFactory.PomDriverScript" tests="1" failures="0" timestamp="12 May 2020 13:40:24 GMT" time="127.048" errors="0">
  <testcase name="addemp" time="127.048" classname="DriverFactory.PomDriverScript"/>
</testsuite> <!-- DriverFactory.PomDriverScript -->
