<?xml version="1.0" encoding="UTF-8"?>
<!-- Generated by org.testng.reporters.JUnitReportReporter -->
<testsuite hostname="LAPTOP-1I2596E2" name="may13.Demo1" tests="1" failures="0" timestamp="13 May 2020 13:05:00 GMT" time="14.203" errors="0">
  <testcase name="login" time="14.203" classname="may13.Demo1"/>
</testsuite> <!-- may13.Demo1 -->
