<?xml version="1.0" encoding="UTF-8"?>
<!-- Generated by org.testng.reporters.JUnitReportReporter -->
<testsuite hostname="LAPTOP-1I2596E2" name="DriverFactory.DriverScript" tests="1" failures="0" timestamp="11 May 2020 13:00:37 GMT" time="114.814" errors="0">
  <testcase name="statrTest" time="114.814" classname="DriverFactory.DriverScript"/>
</testsuite> <!-- DriverFactory.DriverScript -->
