<?xml version="1.0" encoding="UTF-8"?>
<!-- Generated by org.testng.reporters.JUnitReportReporter -->
<testsuite hostname="LAPTOP-1I2596E2" name="may22.CrossBrowser" tests="2" failures="0" timestamp="22 May 2020 12:51:14 GMT" time="57.106" errors="0">
  <testcase name="validatecal" time="28.082" classname="may22.CrossBrowser"/>
  <testcase name="validatecal" time="29.024" classname="may22.CrossBrowser"/>
</testsuite> <!-- may22.CrossBrowser -->
