<?xml version="1.0" encoding="UTF-8"?>
<!-- Generated by org.testng.reporters.JUnitReportReporter -->
<testsuite hostname="LAPTOP-1I2596E2" name="may13.UsingDataProvider" tests="4" failures="0" timestamp="13 May 2020 13:47:49 GMT" time="15.850" errors="0">
  <testcase name="verifyLogin" time="2.155" classname="may13.UsingDataProvider"/>
  <testcase name="verifyLogin" time="2.692" classname="may13.UsingDataProvider"/>
  <testcase name="verifyLogin" time="8.018" classname="may13.UsingDataProvider"/>
  <testcase name="verifyLogin" time="2.985" classname="may13.UsingDataProvider"/>
</testsuite> <!-- may13.UsingDataProvider -->
