<?xml version="1.0" encoding="UTF-8"?>
<!-- Generated by org.testng.reporters.JUnitReportReporter -->
<testsuite hostname="LAPTOP-1I2596E2" name="DriverFactory.TestScript" tests="1" failures="0" timestamp="12 May 2020 13:18:38 GMT" time="52.704" errors="0">
  <testcase name="addemp" time="52.704" classname="DriverFactory.TestScript"/>
</testsuite> <!-- DriverFactory.TestScript -->
